[    0.000000] Initializing cgroup subsys cpuset
[    0.000000] Initializing cgroup subsys cpu
[    0.000000] Initializing cgroup subsys cpuacct
[    0.000000] Linux version 4.4.0-64-generic (buildd@lgw01-56) (gcc version 5.4.0 20160609 (Ubuntu 5.4.0-6ubuntu1~16.04.4) ) #85-Ubuntu SMP Mon Feb 20 11:50:30 UTC 2017 (Ubuntu 4.4.0-64.85-generic 4.4.44)
[    0.000000] Command line: BOOT_IMAGE=/boot/vmlinuz-4.4.0-64-generic root=UUID=8ca31236-1b14-47d1-a491-527b2dc859dc ro console=tty1 console=ttyS0
[    0.000000] KERNEL supported cpus:
[    0.000000]   Intel GenuineIntel
[    0.000000]   AMD AuthenticAMD
[    0.000000]   Centaur CentaurHauls
[    0.000000] x86/fpu: xstate_offset[2]:  576, xstate_sizes[2]:  256
[    0.000000] x86/fpu: Supporting XSAVE feature 0x01: 'x87 floating point registers'
[    0.000000] x86/fpu: Supporting XSAVE feature 0x02: 'SSE registers'
[    0.000000] x86/fpu: Supporting XSAVE feature 0x04: 'AVX registers'
[    0.000000] x86/fpu: Enabled xstate features 0x7, context size is 832 bytes, using 'standard' format.
[    0.000000] x86/fpu: Using 'lazy' FPU context switches.
[    0.000000] e820: BIOS-provided physical RAM map:
[    0.000000] BIOS-e820: [mem 0x0000000000000000-0x000000000009fbff] usable
[    0.000000] BIOS-e820: [mem 0x000000000009fc00-0x000000000009ffff] reserved
[    0.000000] BIOS-e820: [mem 0x00000000000f0000-0x00000000000fffff] reserved
[    0.000000] BIOS-e820: [mem 0x0000000000100000-0x000000007ffeffff] usable
[    0.000000] BIOS-e820: [mem 0x000000007fff0000-0x000000007fffffff] ACPI data
[    0.000000] BIOS-e820: [mem 0x00000000fec00000-0x00000000fec00fff] reserved
[    0.000000] BIOS-e820: [mem 0x00000000fee00000-0x00000000fee00fff] reserved
[    0.000000] BIOS-e820: [mem 0x00000000fffc0000-0x00000000ffffffff] reserved
[    0.000000] NX (Execute Disable) protection: active
[    0.000000] SMBIOS 2.5 present.
[    0.000000] Hypervisor detected: KVM
[    0.000000] e820: last_pfn = 0x7fff0 max_arch_pfn = 0x400000000
[    0.000000] MTRR: Disabled
[    0.000000] x86/PAT: MTRRs disabled, skipping PAT initialization too.
[    0.000000] x86/PAT: Configuration [0-7]: WB  WT  UC- UC  WB  WT  UC- UC  
[    0.000000] CPU MTRRs all blank - virtualized system.
[    0.000000] found SMP MP-table at [mem 0x0009fff0-0x0009ffff] mapped at [ffff88000009fff0]
[    0.000000] Scanning 1 areas for low memory corruption
[    0.000000] RAMDISK: [mem 0x338e0000-0x35c67fff]
[    0.000000] ACPI: Early table checksum verification disabled
[    0.000000] ACPI: RSDP 0x00000000000E0000 000024 (v02 VBOX  )
[    0.000000] ACPI: XSDT 0x000000007FFF0030 00003C (v01 VBOX   VBOXXSDT 00000001 ASL  00000061)
[    0.000000] ACPI: FACP 0x000000007FFF00F0 0000F4 (v04 VBOX   VBOXFACP 00000001 ASL  00000061)
[    0.000000] ACPI: DSDT 0x000000007FFF0470 00210F (v01 VBOX   VBOXBIOS 00000002 INTL 20100528)
[    0.000000] ACPI: FACS 0x000000007FFF0200 000040
[    0.000000] ACPI: FACS 0x000000007FFF0200 000040
[    0.000000] ACPI: APIC 0x000000007FFF0240 00005C (v02 VBOX   VBOXAPIC 00000001 ASL  00000061)
[    0.000000] ACPI: SSDT 0x000000007FFF02A0 0001CC (v01 VBOX   VBOXCPUT 00000002 INTL 20100528)
[    0.000000] No NUMA configuration found
[    0.000000] Faking a node at [mem 0x0000000000000000-0x000000007ffeffff]
[    0.000000] NODE_DATA(0) allocated [mem 0x7ffeb000-0x7ffeffff]
[    0.000000] kvm-clock: Using msrs 4b564d01 and 4b564d00
[    0.000000] kvm-clock: cpu 0, msr 0:7ffe3001, primary cpu clock
[    0.000000] kvm-clock: using sched offset of 6786765169 cycles
[    0.000000] clocksource: kvm-clock: mask: 0xffffffffffffffff max_cycles: 0x1cd42e4dffb, max_idle_ns: 881590591483 ns
[    0.000000] Zone ranges:
[    0.000000]   DMA      [mem 0x0000000000001000-0x0000000000ffffff]
[    0.000000]   DMA32    [mem 0x0000000001000000-0x000000007ffeffff]
[    0.000000]   Normal   empty
[    0.000000]   Device   empty
[    0.000000] Movable zone start for each node
[    0.000000] Early memory node ranges
[    0.000000]   node   0: [mem 0x0000000000001000-0x000000000009efff]
[    0.000000]   node   0: [mem 0x0000000000100000-0x000000007ffeffff]
[    0.000000] Initmem setup node 0 [mem 0x0000000000001000-0x000000007ffeffff]
[    0.000000] ACPI: PM-Timer IO Port: 0x4008
[    0.000000] IOAPIC[0]: apic_id 2, version 32, address 0xfec00000, GSI 0-23
[    0.000000] ACPI: INT_SRC_OVR (bus 0 bus_irq 0 global_irq 2 dfl dfl)
[    0.000000] ACPI: INT_SRC_OVR (bus 0 bus_irq 9 global_irq 9 high level)
[    0.000000] Using ACPI (MADT) for SMP configuration information
[    0.000000] smpboot: Allowing 2 CPUs, 0 hotplug CPUs
[    0.000000] PM: Registered nosave memory: [mem 0x00000000-0x00000fff]
[    0.000000] PM: Registered nosave memory: [mem 0x0009f000-0x0009ffff]
[    0.000000] PM: Registered nosave memory: [mem 0x000a0000-0x000effff]
[    0.000000] PM: Registered nosave memory: [mem 0x000f0000-0x000fffff]
[    0.000000] e820: [mem 0x80000000-0xfebfffff] available for PCI devices
[    0.000000] Booting paravirtualized kernel on KVM
[    0.000000] clocksource: refined-jiffies: mask: 0xffffffff max_cycles: 0xffffffff, max_idle_ns: 7645519600211568 ns
[    0.000000] setup_percpu: NR_CPUS:512 nr_cpumask_bits:512 nr_cpu_ids:2 nr_node_ids:1
[    0.000000] PERCPU: Embedded 33 pages/cpu @ffff88007fc00000 s98264 r8192 d28712 u1048576
[    0.000000] PV qspinlock hash table entries: 256 (order: 0, 4096 bytes)
[    0.000000] Built 1 zonelists in Node order, mobility grouping on.  Total pages: 515961
[    0.000000] Policy zone: DMA32
[    0.000000] Kernel command line: BOOT_IMAGE=/boot/vmlinuz-4.4.0-64-generic root=UUID=8ca31236-1b14-47d1-a491-527b2dc859dc ro console=tty1 console=ttyS0
[    0.000000] PID hash table entries: 4096 (order: 3, 32768 bytes)
[    0.000000] Memory: 2008384K/2096696K available (8452K kernel code, 1293K rwdata, 3980K rodata, 1488K init, 1316K bss, 88312K reserved, 0K cma-reserved)
[    0.000000] SLUB: HWalign=64, Order=0-3, MinObjects=0, CPUs=2, Nodes=1
[    0.000000] Hierarchical RCU implementation.
[    0.000000] 	Build-time adjustment of leaf fanout to 64.
[    0.000000] 	RCU restricting CPUs from NR_CPUS=512 to nr_cpu_ids=2.
[    0.000000] RCU: Adjusting geometry for rcu_fanout_leaf=64, nr_cpu_ids=2
[    0.000000] NR_IRQS:33024 nr_irqs:440 16
[    0.000000] Console: colour VGA+ 80x25
[    0.000000] console [tty1] enabled
[    0.000000] console [ttyS0] enabled
[    0.000000] tsc: Detected 2400.000 MHz processor
[    1.586121] Calibrating delay loop (skipped) preset value.. 4800.00 BogoMIPS (lpj=9600000)
[    1.588179] pid_max: default: 32768 minimum: 301
[    1.589359] ACPI: Core revision 20150930
[    1.591382] ACPI: 2 ACPI AML tables successfully acquired and loaded
[    1.635533] Security Framework initialized
[    1.636544] Yama: becoming mindful.
[    1.637498] AppArmor: AppArmor initialized
[    1.640561] Dentry cache hash table entries: 262144 (order: 9, 2097152 bytes)
[    1.648267] Inode-cache hash table entries: 131072 (order: 8, 1048576 bytes)
[    1.655552] Mount-cache hash table entries: 4096 (order: 3, 32768 bytes)
[    1.673826] Mountpoint-cache hash table entries: 4096 (order: 3, 32768 bytes)
[    1.682090] Initializing cgroup subsys io
[    1.688426] Initializing cgroup subsys memory
[    1.702306] Initializing cgroup subsys devices
[    1.709129] Initializing cgroup subsys freezer
[    1.720122] Initializing cgroup subsys net_cls
[    1.721277] Initializing cgroup subsys perf_event
[    1.749412] Initializing cgroup subsys net_prio
[    1.809951] Initializing cgroup subsys hugetlb
[    1.849575] Initializing cgroup subsys pids
[    1.906050] CPU: Physical Processor ID: 0
[    1.958655] CPU: Processor Core ID: 0
[    1.985468] mce: CPU supports 0 MCE banks
[    2.019962] Last level iTLB entries: 4KB 1024, 2MB 1024, 4MB 1024
[    2.072900] Last level dTLB entries: 4KB 1024, 2MB 1024, 4MB 1024, 1GB 4
[    2.099896] Freeing SMP alternatives memory: 32K (ffffffff820b9000 - ffffffff820c1000)
[    2.177509] ftrace: allocating 32123 entries in 126 pages
[    2.283535] smpboot: APIC(0) Converting physical 0 to logical package 0
[    2.312480] smpboot: Max logical packages: 1
[    2.325186] x2apic enabled
[    2.337299] Switched APIC routing to physical x2apic.
[    2.355966] ..TIMER: vector=0x30 apic1=0 pin1=2 apic2=-1 pin2=-1
[    2.525335] smpboot: CPU0: Intel(R) Core(TM) i5-4258U CPU @ 2.40GHz (family: 0x6, model: 0x45, stepping: 0x1)
[    2.580981] Performance Events: unsupported p6 CPU model 69 no PMU driver, software events only.
[    2.594956] KVM setup paravirtual spinlock
[    2.596866] x86: Booting SMP configuration:
[    2.601958] .... node  #0, CPUs:      #1
[    2.612047] kvm-clock: cpu 1, msr 0:7ffe3041, secondary cpu clock
[    2.626304] mce: CPU supports 0 MCE banks
[    2.637905] x86: Booted up 1 node, 2 CPUs
[    2.659825] smpboot: Total of 2 processors activated (9600.00 BogoMIPS)
[    2.697814] devtmpfs: initialized
[    2.709947] evm: security.selinux
[    2.732835] evm: security.SMACK64
[    2.734616] evm: security.SMACK64EXEC
[    2.738190] evm: security.SMACK64TRANSMUTE
[    2.739219] evm: security.SMACK64MMAP
[    2.740135] evm: security.ima
[    2.755013] evm: security.capability
[    2.759897] clocksource: jiffies: mask: 0xffffffff max_cycles: 0xffffffff, max_idle_ns: 7645041785100000 ns
[    2.784795] pinctrl core: initialized pinctrl subsystem
[    2.788658] RTC time: 18:01:55, date: 02/23/17
[    2.795581] NET: Registered protocol family 16
[    2.807317] cpuidle: using governor ladder
[    2.847352] cpuidle: using governor menu
[    2.859323] PCCT header not found.
[    2.860650] ACPI: bus type PCI registered
[    2.887637] acpiphp: ACPI Hot Plug PCI Controller Driver version: 0.5
[    2.911066] PCI: Using configuration type 1 for base access
[    2.983341] ACPI: Added _OSI(Module Device)
[    3.011113] ACPI: Added _OSI(Processor Device)
[    3.030001] ACPI: Added _OSI(3.0 _SCP Extensions)
[    3.035554] ACPI: Added _OSI(Processor Aggregator Device)
[    3.055509] ACPI: Executed 1 blocks of module-level executable AML code
[    3.081530] ACPI: Interpreter enabled
[    3.096197] ACPI: (supports S0 S5)
[    3.106212] ACPI: Using IOAPIC for interrupt routing
[    3.107826] PCI: Using host bridge windows from ACPI; if necessary, use "pci=nocrs" and report a bug
[    3.129524] ACPI: PCI Root Bridge [PCI0] (domain 0000 [bus 00-ff])
[    3.136807] acpi PNP0A03:00: _OSC: OS supports [ASPM ClockPM Segments MSI]
[    3.143998] acpi PNP0A03:00: _OSC failed (AE_NOT_FOUND); disabling ASPM
[    3.145798] acpi PNP0A03:00: fail to add MMCONFIG information, can't access extended PCI configuration space under this bridge.
[    3.157072] PCI host bridge to bus 0000:00
[    3.169105] pci_bus 0000:00: root bus resource [io  0x0000-0x0cf7 window]
[    3.198153] pci_bus 0000:00: root bus resource [io  0x0d00-0xffff window]
[    3.219610] pci_bus 0000:00: root bus resource [mem 0x000a0000-0x000bffff window]
[    3.251168] pci_bus 0000:00: root bus resource [mem 0x80000000-0xffdfffff window]
[    3.280789] pci_bus 0000:00: root bus resource [bus 00-ff]
[    3.305070] pci 0000:00:01.1: legacy IDE quirk: reg 0x10: [io  0x01f0-0x01f7]
[    3.326134] pci 0000:00:01.1: legacy IDE quirk: reg 0x14: [io  0x03f6]
[    3.331124] pci 0000:00:01.1: legacy IDE quirk: reg 0x18: [io  0x0170-0x0177]
[    3.391459] pci 0000:00:01.1: legacy IDE quirk: reg 0x1c: [io  0x0376]
[    3.494804] pci 0000:00:07.0: quirk: [io  0x4000-0x403f] claimed by PIIX4 ACPI
[    3.531559] pci 0000:00:07.0: quirk: [io  0x4100-0x410f] claimed by PIIX4 SMB
[    3.596738] ACPI: PCI Interrupt Link [LNKA] (IRQs 5 9 10 *11)
[    3.621508] ACPI: PCI Interrupt Link [LNKB] (IRQs 5 9 10 *11)
[    3.707046] ACPI: PCI Interrupt Link [LNKC] (IRQs 5 9 *10 11)
[    3.751205] ACPI: PCI Interrupt Link [LNKD] (IRQs 5 *9 10 11)
[    3.775049] ACPI: Enabled 2 GPEs in block 00 to 07
[    3.806524] vgaarb: setting as boot device: PCI:0000:00:02.0
[    3.856656] vgaarb: device added: PCI:0000:00:02.0,decodes=io+mem,owns=io+mem,locks=none
[    3.933584] vgaarb: loaded
[    3.952594] vgaarb: bridge control possible 0000:00:02.0
[    3.986623] SCSI subsystem initialized
[    4.018073] ACPI: bus type USB registered
[    4.063015] usbcore: registered new interface driver usbfs
[    4.111463] usbcore: registered new interface driver hub
[    4.112941] usbcore: registered new device driver usb
[    4.146541] PCI: Using ACPI for IRQ routing
[    4.166187] NetLabel: Initializing
[    4.174067] NetLabel:  domain hash size = 128
[    4.194517] NetLabel:  protocols = UNLABELED CIPSOv4
[    4.213435] NetLabel:  unlabeled traffic allowed by default
[    4.218514] amd_nb: Cannot enumerate AMD northbridges
[    4.229597] clocksource: Switched to clocksource kvm-clock
[    4.245490] AppArmor: AppArmor Filesystem Enabled
[    4.270267] pnp: PnP ACPI init
[    4.280700] pnp: PnP ACPI: found 3 devices
[    4.307602] clocksource: acpi_pm: mask: 0xffffff max_cycles: 0xffffff, max_idle_ns: 2085701024 ns
[    4.318615] NET: Registered protocol family 2
[    4.323255] TCP established hash table entries: 16384 (order: 5, 131072 bytes)
[    4.333340] TCP bind hash table entries: 16384 (order: 6, 262144 bytes)
[    4.335169] TCP: Hash tables configured (established 16384 bind 16384)
[    4.336701] UDP hash table entries: 1024 (order: 3, 32768 bytes)
[    4.365802] UDP-Lite hash table entries: 1024 (order: 3, 32768 bytes)
[    4.424463] NET: Registered protocol family 1
[    4.435906] pci 0000:00:00.0: Limiting direct PCI/PCI transfers
[    4.437262] pci 0000:00:01.0: Activating ISA DMA hang workarounds
[    4.440715] Trying to unpack rootfs image as initramfs...
[    5.189589] Freeing initrd memory: 36384K (ffff8800338e0000 - ffff880035c68000)
[    5.281729] RAPL PMU detected, API unit is 2^-32 Joules, 4 fixed counters 10737418240 ms ovfl timer
[    5.375784] hw unit of domain pp0-core 2^-0 Joules
[    5.423554] hw unit of domain package 2^-0 Joules
[    5.459866] hw unit of domain dram 2^-0 Joules
[    5.514181] hw unit of domain pp1-gpu 2^-0 Joules
[    5.559828] platform rtc_cmos: registered platform RTC device (no PNP device found)
[    5.640461] Scanning for low memory corruption every 60 seconds
[    5.726557] futex hash table entries: 512 (order: 3, 32768 bytes)
[    5.737317] audit: initializing netlink subsys (disabled)
[    5.785989] audit: type=2000 audit(1487872923.816:1): initialized
[    5.796517] Initialise system trusted keyring
[    5.813715] HugeTLB registered 2 MB page size, pre-allocated 0 pages
[    5.843875] zbud: loaded
[    5.849806] VFS: Disk quotas dquot_6.6.0
[    5.867077] VFS: Dquot-cache hash table entries: 512 (order 0, 4096 bytes)
[    5.928159] squashfs: version 4.0 (2009/01/31) Phillip Lougher
[    6.001838] fuse init (API version 7.23)
[    6.020925] Key type big_key registered
[    6.024386] Allocating IMA MOK and blacklist keyrings.
[    6.028123] Key type asymmetric registered
[    6.081885] Asymmetric key parser 'x509' registered
[    6.158808] Block layer SCSI generic (bsg) driver version 0.4 loaded (major 249)
[    6.208079] io scheduler noop registered
[    6.211143] io scheduler deadline registered (default)
[    6.212405] io scheduler cfq registered
[    6.213473] pci_hotplug: PCI Hot Plug PCI Core version: 0.5
[    6.214872] pciehp: PCI Express Hot Plug Controller Driver version: 0.4
[    6.234245] ACPI: AC Adapter [AC] (off-line)
[    6.236509] input: Power Button as /devices/LNXSYSTM:00/LNXPWRBN:00/input/input0
[    6.239830] ACPI: Power Button [PWRF]
[    6.240844] input: Sleep Button as /devices/LNXSYSTM:00/LNXSLPBN:00/input/input1
[    6.276159] ACPI: Sleep Button [SLPF]
[    6.331481] ACPI: Battery Slot [BAT0] (battery present)
[    6.361615] GHES: HEST is not enabled!
[    6.370340] Serial: 8250/16550 driver, 32 ports, IRQ sharing enabled
[    6.403893] 00:02: ttyS0 at I/O 0x3f8 (irq = 4, base_baud = 115200) is a 16550A
[    6.558303] tsc: Refined TSC clocksource calibration: 2400.591 MHz
[    6.558305] clocksource: tsc: mask: 0xffffffffffffffff max_cycles: 0x229a65ad61a, max_idle_ns: 440795260863 ns
[    6.746458] Linux agpgart interface v0.103
[    6.835546] brd: module loaded
[    6.871459] loop: module loaded
[    6.923363] scsi host0: ata_piix
[    6.934149] scsi host1: ata_piix
[    6.945358] ata1: PATA max UDMA/33 cmd 0x1f0 ctl 0x3f6 bmdma 0xd000 irq 14
[    6.957846] ata2: PATA max UDMA/33 cmd 0x170 ctl 0x376 bmdma 0xd008 irq 15
[    6.983101] libphy: Fixed MDIO Bus: probed
[    7.001649] tun: Universal TUN/TAP device driver, 1.6
[    7.024098] tun: (C) 1999-2004 Max Krasnyansky <maxk@qualcomm.com>
[    7.038981] PPP generic driver version 2.4.2
[    7.046155] ehci_hcd: USB 2.0 'Enhanced' Host Controller (EHCI) Driver
[    7.134795] ehci-pci: EHCI PCI platform driver
[    7.136894] ehci-pci 0000:00:0b.0: EHCI Host Controller
[    7.140491] ehci-pci 0000:00:0b.0: new USB bus registered, assigned bus number 1
[    7.144486] ehci-pci 0000:00:0b.0: irq 19, io mem 0xf0805000
[    7.162286] ehci-pci 0000:00:0b.0: USB 2.0 started, EHCI 1.00
[    7.234089] usb usb1: New USB device found, idVendor=1d6b, idProduct=0002
[    7.329934] usb usb1: New USB device strings: Mfr=3, Product=2, SerialNumber=1
[    7.340486] usb usb1: Product: EHCI Host Controller
[    7.379153] usb usb1: Manufacturer: Linux 4.4.0-64-generic ehci_hcd
[    7.440048] usb usb1: SerialNumber: 0000:00:0b.0
[    7.521108] hub 1-0:1.0: USB hub found
[    7.541284] hub 1-0:1.0: 12 ports detected
[    7.579837] ehci-platform: EHCI generic platform driver
[    7.619362] ohci_hcd: USB 1.1 'Open' Host Controller (OHCI) Driver
[    7.700461] ohci-pci: OHCI PCI platform driver
[    7.736714] ohci-pci 0000:00:06.0: OHCI PCI host controller
[    7.772778] ohci-pci 0000:00:06.0: new USB bus registered, assigned bus number 2
[    7.866083] ohci-pci 0000:00:06.0: irq 22, io mem 0xf0804000
[    7.966449] usb usb2: New USB device found, idVendor=1d6b, idProduct=0001
[    8.032696] usb usb2: New USB device strings: Mfr=3, Product=2, SerialNumber=1
[    8.062263] usb usb2: Product: OHCI PCI host controller
[    8.070820] usb usb2: Manufacturer: Linux 4.4.0-64-generic ohci_hcd
[    8.089605] usb usb2: SerialNumber: 0000:00:06.0
[    8.105423] hub 2-0:1.0: USB hub found
[    8.112660] hub 2-0:1.0: 12 ports detected
[    8.122280] ohci-platform: OHCI generic platform driver
[    8.143151] uhci_hcd: USB Universal Host Controller Interface driver
[    8.233165] i8042: PNP: PS/2 Controller [PNP0303:PS2K,PNP0f03:PS2M] at 0x60,0x64 irq 1,12
[    8.260669] serio: i8042 KBD port at 0x60,0x64 irq 1
[    8.268854] serio: i8042 AUX port at 0x60,0x64 irq 12
[    8.270601] mousedev: PS/2 mouse device common for all mice
[    8.306339] input: AT Translated Set 2 keyboard as /devices/platform/i8042/serio0/input/input2
[    8.390432] rtc_cmos rtc_cmos: rtc core: registered rtc_cmos as rtc0
[    8.433117] rtc_cmos rtc_cmos: alarms up to one day, 114 bytes nvram
[    8.516518] i2c /dev entries driver
[    8.519397] device-mapper: uevent: version 1.0.3
[    8.543195] device-mapper: ioctl: 4.34.0-ioctl (2015-10-28) initialised: dm-devel@redhat.com
[    8.559122] ledtrig-cpu: registered to indicate activity on CPUs
[    8.571001] NET: Registered protocol family 10
[    8.572297] NET: Registered protocol family 17
[    8.580233] Key type dns_resolver registered
[    8.582618] microcode: CPU0 sig=0x40651, pf=0x40, revision=0x0
[    8.584036] microcode: CPU1 sig=0x40651, pf=0x40, revision=0x0
[    8.585458] microcode: Microcode Update Driver: v2.01 <tigran@aivazian.fsnet.co.uk>, Peter Oruba
[    8.599356] registered taskstats version 1
[    8.600416] Loading compiled-in X.509 certificates
[    8.602332] Loaded X.509 cert 'Build time autogenerated kernel key: 11f495fa9f4186f263f5fd144a167c99990e2f12'
[    8.604607] zswap: loaded using pool lzo/zbud
[    8.651471] Key type trusted registered
[    8.714313] Key type encrypted registered
[    8.737716] usb 2-1: new full-speed USB device number 2 using ohci-pci
[    8.812478] AppArmor: AppArmor sha1 policy hashing enabled
[    8.829055] ima: No TPM chip found, activating TPM-bypass!
[    8.839919] evm: HMAC attrs: 0x1
[    8.845639]   Magic number: 5:574:39
[    8.890679] bdi 7:4: hash matches
[    8.919795] rtc_cmos rtc_cmos: setting system clock to 2017-02-23 18:02:01 UTC (1487872921)
[    8.965886] BIOS EDD facility v0.16 2004-Jun-25, 0 devices found
[    8.982528] EDD information not available.
[    9.007636] Freeing unused kernel memory: 1488K (ffffffff81f45000 - ffffffff820b9000)
[    9.039238] usb 2-1: New USB device found, idVendor=0403, idProduct=6001
[    9.039240] usb 2-1: New USB device strings: Mfr=1, Product=2, SerialNumber=3
[    9.039242] usb 2-1: Product: TTL232R-3V3
[    9.039243] usb 2-1: Manufacturer: FTDI
[    9.039244] usb 2-1: SerialNumber: FTG40W6J
[    9.217026] Write protecting the kernel read-only data: 14336k
[    9.225875] Freeing unused kernel memory: 1776K (ffff880001844000 - ffff880001a00000)
[    9.233539] Freeing unused kernel memory: 116K (ffff880001de3000 - ffff880001e00000)
Loading, please wait...
[    9.269659] usb 2-2: new full-speed USB device number 3 using ohci-pci
starting version[    9.287341] random: systemd-udevd: uninitialized urandom read (16 bytes read, 4 bits of entropy available)
 229
[    9.287915] random: udevadm: uninitialized urandom read (16 bytes read, 4 bits of entropy available)
[    9.287948] random: udevadm: uninitialized urandom read (16 bytes read, 4 bits of entropy available)
[    9.288048] random: udevadm: uninitialized urandom read (16 bytes read, 4 bits of entropy available)
[    9.288084] random: udevadm: uninitialized urandom read (16 bytes read, 4 bits of entropy available)
[    9.288117] random: udevadm: uninitialized urandom read (16 bytes read, 4 bits of entropy available)
[    9.288149] random: udevadm: uninitialized urandom read (16 bytes read, 4 bits of entropy available)
[    9.288185] random: udevadm: uninitialized urandom read (16 bytes read, 4 bits of entropy available)
[    9.288217] random: udevadm: uninitialized urandom read (16 bytes read, 4 bits of entropy available)
[    9.288248] random: udevadm: uninitialized urandom read (16 bytes read, 4 bits of entropy available)
[    9.573121] usb 2-2: New USB device found, idVendor=03eb, idProduct=2107
[    9.573123] usb 2-2: New USB device strings: Mfr=1, Product=2, SerialNumber=3
[    9.573124] usb 2-2: Product: AVRDRAGON
[    9.573124] usb 2-2: Manufacturer: ATMEL
[    9.573125] usb 2-2: SerialNumber: 00A20006731E
[   10.025371] ACPI: Video Device [GFX0] (multi-head: yes  rom: no  post: no)
[   10.030365] input: Video Bus as /devices/LNXSYSTM:00/LNXSYBUS:00/PNP0A03:00/LNXVIDEO:00/input/input4
[   10.033588] FUJITSU Extended Socket Network Device Driver - version 1.0 - Copyright (c) 2015 FUJITSU LIMITED
[   10.041366] e1000: Intel(R) PRO/1000 Network Driver - version 7.3.21-k8-NAPI
[   10.135412] e1000: Copyright (c) 1999-2006 Intel Corporation.
[   10.150906] Fusion MPT base driver 3.04.20
[   10.166485] Copyright (c) 1999-2008 LSI Corporation
[   10.174819] Fusion MPT SPI Host driver 3.04.20
[   10.188794] AVX version of gcm_enc/dec engaged.
[   10.203840] AES CTR mode by8 optimization enabled
[   10.380758] input: ImExPS/2 Generic Explorer Mouse as /devices/platform/i8042/serio1/input/input5
[   10.619504] e1000 0000:00:03.0 eth0: (PCI:33MHz:32-bit) 02:e4:5b:1a:6e:ce
[   10.737759] e1000 0000:00:03.0 eth0: Intel(R) PRO/1000 Network Connection
[   10.742085] e1000 0000:00:03.0 enp0s3: renamed from eth0
[   10.806862] mptbase: ioc0: Initiating bringup
[   10.902313] ioc0: LSI53C1030 A0: Capabilities={Initiator}
[   11.172018] scsi host2: ioc0: LSI53C1030 A0, FwRev=00000000h, Ports=1, MaxQ=256, IRQ=20
[   11.426005] scsi 2:0:0:0: Direct-Access     VBOX     HARDDISK         1.0  PQ: 0 ANSI: 5
[   11.491114] scsi target2:0:0: Beginning Domain Validation
[   11.528602] scsi target2:0:0: Domain Validation skipping write tests
[   11.602266] scsi target2:0:0: Ending Domain Validation
[   11.662550] scsi target2:0:0: asynchronous
[   11.667854] scsi 2:0:1:0: Direct-Access     VBOX     HARDDISK         1.0  PQ: 0 ANSI: 5
[   11.744142] scsi target2:0:1: Beginning Domain Validation
[   11.827685] scsi target2:0:1: Domain Validation skipping write tests
[   11.858061] scsi target2:0:1: Ending Domain Validation
[   11.859454] scsi target2:0:1: asynchronous
[   11.867972] sd 2:0:0:0: Attached scsi generic sg0 type 0
[   11.926748] sd 2:0:1:0: [sdb] 20480 512-byte logical blocks: (10.5 MB/10.0 MiB)
[   11.926761] sd 2:0:0:0: [sda] 20971520 512-byte logical blocks: (10.7 GB/10.0 GiB)
[   12.085311] sd 2:0:1:0: Attached scsi generic sg1 type 0
[   12.085334] sd 2:0:1:0: [sdb] Write Protect is off
[   12.085492] sd 2:0:1:0: [sdb] Incomplete mode parameter data
[   12.085494] sd 2:0:1:0: [sdb] Assuming drive cache: write through
[   12.181834] sd 2:0:0:0: [sda] Write Protect is off
[   12.182019] sd 2:0:0:0: [sda] Incomplete mode parameter data
[   12.182020] sd 2:0:0:0: [sda] Assuming drive cache: write through
[   12.190473]  sda: sda1
[   12.191246] sd 2:0:0:0: [sda] Attached SCSI disk
[   12.191710] sd 2:0:1:0: [sdb] Attached SCSI disk
[   13.141884] floppy0: no floppy controllers found
Begin: Loading e[   14.545906] md: linear personality registered for level -1
ssential drivers[   14.581715] md: multipath personality registered for level -4
 ... [   14.649314] md: raid0 personality registered for level 0
[   14.705824] md: raid1 personality registered for level 1
[   14.805621] raid6: sse2x1   gen()  7432 MB/s
[   14.921825] raid6: sse2x1   xor()  5133 MB/s
[   15.015157] raid6: sse2x2   gen() 10758 MB/s
[   15.141671] raid6: sse2x2   xor()  7494 MB/s
[   15.237827] raid6: sse2x4   gen() 11780 MB/s
[   15.341899] raid6: sse2x4   xor()  8450 MB/s
[   15.394572] raid6: using algorithm sse2x4 gen() 11780 MB/s
[   15.438293] raid6: .... xor() 8450 MB/s, rmw enabled
[   15.503646] raid6: using ssse3x2 recovery algorithm
[   15.539700] xor: automatically using best checksumming function:
[   15.633675]    avx       : 43803.000 MB/sec
[   15.701937] async_tx: api initialized (async)
[   15.747444] md: raid6 personality registered for level 6
[   15.779273] md: raid5 personality registered for level 5
[   15.840096] md: raid4 personality registered for level 4
[   15.860800] md: raid10 personality registered for level 10
done.
Begin: Running /scripts/init-premount ... done.
Begin: Mounting root file system ... Begin: Running /scripts/local-top ... done.
Begin: Running /scripts/local-premount ... [   15.917392] Btrfs loaded
Scanning for Btrfs filesystems
done.
Warning: fsck not present, so sk[   16.034605] EXT4-fs (sda1): INFO: recovery required on readonly filesystem
ipping root file system
[   16.046160] EXT4-fs (sda1): write access will be enabled during recovery
[   16.179670] EXT4-fs (sda1): recovery complete
[   16.226221] EXT4-fs (sda1): mounted filesystem with ordered data mode. Opts: (null)
done.
Begin: Running /scripts/local-bottom ... done.
Begin: Running /scripts/init-bottom ... done.
[   16.546508] systemd[1]: systemd 229 running in system mode. (+PAM +AUDIT +SELINUX +IMA +APPARMOR +SMACK +SYSVINIT +UTMP +LIBCRYPTSETUP +GCRYPT +GNUTLS +ACL +XZ -LZ4 +SECCOMP +BLKID +ELFUTILS +KMOD -IDN)
[   16.753910] systemd[1]: Detected virtualization oracle.
[   16.814511] systemd[1]: Detected architecture x86-64.

Welcome to [1mUbuntu 16.04.2 LTS[0m!

[   16.907075] systemd[1]: Set hostname to <mitre-ectf-vm>.
[   17.159973] systemd[1]: Listening on /dev/initctl Compatibility Named Pipe.
[[0;32m  OK  [0m] Listening on /dev/initctl Compatibility Named Pipe.
[   17.275269] systemd[1]: Set up automount Arbitrary Executable File Formats File System Automount Point.
[[0;32m  OK  [0m] Set up automount Arbitrary Executab...ats File System Automount Point.
[   17.418276] systemd[1]: Listening on udev Control Socket.
[[0;32m  OK  [0m] Listening on udev Control Socket.
[   17.546068] systemd[1]: Started Forward Password Requests to Wall Directory Watch.
[[0;32m  OK  [0m] Started Forward Password Requests to Wall Directory Watch.
[   17.729988] systemd[1]: Listening on Journal Socket (/dev/log).
[[0;32m  OK  [0m] Listening on Journal Socket (/dev/log).
[   17.874493] systemd[1]: Listening on Device-mapper event daemon FIFOs.
[[0;32m  OK  [0m] Listening on Device-mapper event daemon FIFOs.
[   18.018087] systemd[1]: Listening on LVM2 metadata daemon socket.
[[0;32m  OK  [0m] Listening on LVM2 metadata daemon socket.
[   18.129756] systemd[1]: Listening on LVM2 poll daemon socket.
[[0;32m  OK  [0m] Listening on LVM2 poll daemon socket.
[   18.173373] systemd[1]: Created slice System Slice.
[[0;32m  OK  [0m] Created slice System Slice.
[   18.202708] systemd[1]: Created slice system-serial\x2dgetty.slice.
[[0;32m  OK  [0m] Created slice system-serial\x2dgetty.slice.
[   18.269191] systemd[1]: Listening on Journal Socket.
[[0;32m  OK  [0m] Listening on Journal Socket.
[   18.318319] systemd[1]: Mounting Debug File System...
         Mounting Debug File System...
[   18.418395] systemd[1]: Starting Create list of required static device nodes for the current kernel...
         Starting Create list of required st... nodes for the current kernel...
[   18.426211] systemd[1]: Mounting Huge Pages File System...
         Mounting Huge Pages File System...
[   18.438142] systemd[1]: Mounting POSIX Message Queue File System...
         Mounting POSIX Message Queue File System...
[   18.502113] systemd[1]: Starting Monitoring of LVM2 mirrors, snapshots etc. using dmeventd or progress polling...
         Starting Monitoring of LVM2 mirrors... dmeventd or progress polling...
[   18.582089] systemd[1]: Starting Uncomplicated firewall...
[   18.645408] random: nonblocking pool is initialized
         Starting Uncomplicated firewall...
[   18.794324] systemd[1]: Starting Nameserver information manager...
         Starting Nameserver information manager...
[   18.918269] systemd[1]: Starting Set console keymap...
         Starting Set console keymap...
[   19.014362] systemd[1]: Created slice User and Session Slice.
[[0;32m  OK  [0m] Created slice User and Session Slice.
[   19.090400] systemd[1]: Reached target Slices.
[[0;32m  OK  [0m] Reached target Slices.
[   19.133826] systemd[1]: Listening on Syslog Socket.
[[0;32m  OK  [0m] Listening on Syslog Socket.
[   19.254395] systemd[1]: Reached target Encrypted Volumes.
[[0;32m  OK  [0m] Reached target Encrypted Volumes.
[   19.314251] systemd[1]: Starting Remount Root and Kernel File Systems...
         Starting Remount Root and Kernel File Systems...[   19.325707] EXT4-fs (sda1): re-mounted. Opts: (null)

[   19.345295] systemd[1]: Listening on Journal Audit Socket.
[[0;32m  OK  [0m] Listening on Journal Audit Socket.
[   19.383137] systemd[1]: Starting Journal Service...
         Starting Journal Service...
[   19.409946] systemd[1]: Starting Load Kernel Modules...
         Starting Load Kernel Modules...
[   19.416622] systemd[1]: Reached target Swap.
[[0;32m  OK  [0m] Reached target Swap.
[   19.430368] systemd[1]: Listening on udev Kernel Socket.
[   19.432949] Loading iSCSI transport class v2.0-870.
[[0;32m  OK  [0m] Listening on udev Kernel Socket.
[   19.442080] systemd[1]: Reached target User and Group Name Lookups.
[[0;32m  OK  [0m] Reached target User and Group Name Lookups.
[   19.516465] iscsi: registered transport (tcp)
[   19.563058] systemd[1]: Mounted POSIX Message Queue File System.
[[0;32m  OK  [0m] Mounted POSIX Message Queue File System.
[   19.629919] systemd[1]: Mounted Debug File System.
[[0;32m  OK  [0m] Mounted Debug Fi[   19.688937] iscsi: registered transport (iser)
le System.
[   19.726058] systemd[1]: Mounted Huge Pages File System.
[[0;32m  OK  [0m] Mounted Huge Pages File System.
[   19.755627] systemd[1]: Started Journal Service.
[[0;32m  OK  [0m] Started Journal Service.
[[0;32m  OK  [0m] Started Create list of required sta...ce nodes for the current kernel.
[[0;32m  OK  [0m] Started Uncomplicated firewall.
[[0;32m  OK  [0m] Started Set console keymap.
[[0;32m  OK  [0m] Started Remount Root and Kernel File Systems.
[[0;32m  OK  [0m] Started Load Kernel Modules.
[[0;32m  OK  [0m] Started Nameserver information manager.
[[0;32m  OK  [0m] Started LVM2 metadata daemon.
         Mounting FUSE Control File System...
         Starting Apply Kernel Variables...
         Starting Initial cloud-init job (pre-networking)...
         Starting udev Coldplug all Devices...
         Starting Load/Save Random Seed...
         Starting Create Static Device Nodes in /dev...
         Starting Flush Journal to Persistent Storage...
[[0;32m  OK  [0m] Mounted FUSE Control File System.
[[0;32m  OK  [0m] Started Monitoring of LVM2 mirrors,...ng dmeventd or progress polling.
[[0;32m  OK  [0m] Started Apply Kernel Variables.
[[0;32m  OK  [0m] Started Load/Save Random Seed.
[[0;32m  OK  [0m] Started Create Static Device Nodes in /dev.
[[0;32m  OK  [0m] Started udev Coldplug all Devices.
[[0;32m  OK  [0m] Started Flush Journal to Persistent Storage.
         Starting udev Kernel Device Manager...
[[0;32m  OK  [0m] Started udev Kernel Device Manager.
[[0;32m  OK  [0m] Reached target Local File Systems (Pre).
[[0;32m  OK  [0m] Reached target Local File Systems.
         Starting Tell Plymouth To Write Out Runtime Data...
         Starting LSB: AppArmor initialization...
         Starting Create Volatile Files and Directories...
         Starting Set console font and keymap...
[[0;32m  OK  [0m] Started Dispatch Password Requests to Console Directory Watch.
[[0;32m  OK  [0m] Started Tell Plymouth To Write Out Runtime Data.
[   21.179998] intel_rapl: no valid rapl domains found in package 0
[[0;32m  OK  [0m] Started Create Volatile Files and Directories.
[[0;32m  OK  [0m] Found device /dev/ttyS0.
         Starting Update UTMP about System Boot/Shutdown...
[[0;32m  OK  [0m] Reached target System Time Synchronized.
[[0;32m  OK  [0m] Started Update UTMP about System Boot/Shutdown.
[[0;32m  OK  [0m] Started Set console font and keymap.
[[0;32m  OK  [0m] Created slice system-getty.slice.
[[0;32m  OK  [0m] Started LSB: AppArmor initialization.
[[0;32m  OK  [0m] Found device 82540EM Gigabit Ethern...r (PRO/1000 MT Desktop Adapter).
[[0;32m  OK  [0m] Listening on Load/Save RF Kill Switch Status /dev/rfkill Watch.
[   18.332355] cloud-init[481]: Cloud-init v. 0.7.8 running 'init-local' at Thu, 23 Feb 2017 18:02:13 +0000. Up 17.60 seconds.
[[0;32m  OK  [0m] Started Initial cloud-init job (pre-networking).
[[0;32m  OK  [0m] Reached target Network (Pre).
[[0;32m  OK  [0m] Started ifup for enp0s3.
         Starting Raise network interfaces...
[[0;32m  OK  [0m] Reached target Sound Card.
[[0;32m  OK  [0m] Started Raise network interfaces.
[[0;32m  OK  [0m] Reached target Network.
         Starting Initial cloud-init job (metadata service crawler)...
[   21.591489] cloud-init[1072]: Cloud-init v. 0.7.8 running 'init' at Thu, 23 Feb 2017 18:02:17 +0000. Up 21.17 seconds.
[   21.627788] cloud-init[1072]: ci-info: +++++++++++++++++++++++++++++++++++++Net device info++++++++++++++++++++++++++++++++++++++
[   21.712955] [cloud-init[0;32m  OK  [0m[1072]: ] ci-info: +--------+------+----------------------------+---------------+-------+-------------------+Started Initial cloud-init job (metadata service crawler).

[   21.713557] cloud-init[1072]: ci-info: | Device |  Up  |          Address           |      Mask     | Scope |     Hw-Address    |
[   21.852541] [cloud-init[0;32m  OK  [0m[1072]: ] ci-info: +--------+------+----------------------------+---------------+-------+-------------------+Reached target System Initialization.

[   21.853168] cloud-init[1072]: ci-info: |   lo   | True |         127.0.0.1          |   255.0.0.0   |   .   |         .         |
[   21.998626] [cloud-init[0;32m  OK  [0m[1072]: ] ci-info: |   lo   | True |          ::1/128           |       .       |  host |         .         |Started Daily apt activities.

[   21.999286]          cloud-initStarting Socket activation for snappy daemon.[1072]: 
ci-info: | enp0s3 | True |         10.0.2.15          | 255.255.255.0 |   .   | 02:e4:5b:1a:6e:ce |
[   22.144414]          cloud-initStarting LXD - unix socket.[1072]: 
ci-info: | enp0s3 | True | fe80::e4:5bff:fe1a:6ece/64 |       .       |  link | 02:e4:5b:1a:6e:ce |
[   22.218652] [cloud-init[0;32m  OK  [0m[1072]: ] ci-info: +--------+------+----------------------------+---------------+-------+-------------------+Started ACPI Events Check.

[   22.277642] [cloud-init[0;32m  OK  [0m[1072]: ] ci-info: +++++++++++++++++++++++++++Route IPv4 info++++++++++++++++++++++++++++Started Daily Cleanup of Temporary Directories.

[   22.344312] [cloud-init[0;32m  OK  [0m[1072]: ] ci-info: +-------+-------------+----------+---------------+-----------+-------+Listening on D-Bus System Message Bus Socket.

[   22.420340] [cloud-init[0;32m  OK  [0m[1072]: ] ci-info: | Route | Destination | Gateway  |    Genmask    | Interface | Flags |Listening on ACPID Listen Socket.

[   22.421091] [cloud-init[0;32m  OK  [0m[1072]: ] ci-info: +-------+-------------+----------+---------------+-----------+-------+Started Trigger resolvconf update for networkd DNS.

[   22.552395] [cloud-init[0;32m  OK  [0m[1072]: ] ci-info: |   0   |   0.0.0.0   | 10.0.2.2 |    0.0.0.0    |   enp0s3  |   UG  |Reached target Paths.

[   22.633571] [cloud-init[0;32m  OK  [0m[1072]: ] ci-info: |   1   |   10.0.2.0  | 0.0.0.0  | 255.255.255.0 |   enp0s3  |   U   |Listening on UUID daemon activation socket.

[   22.724441] [cloud-init[0;32m  OK  [0m[1072]: ] ci-info: +-------+-------------+----------+---------------+-----------+-------+Started Timer to automatically refresh installed snaps.

[[0;32m  OK  [0m] Reached target Timers.
[[0;32m  OK  [0m] Reached target Cloud-config availability.
[[0;32m  OK  [0m] Reached target Network is Online.
         Starting iSCSI initiator daemon (iscsid)...
[[0;32m  OK  [0m] Listening on Socket activation for snappy daemon.
[[0;32m  OK  [0m] Listening on LXD - unix socket.
[[0;32m  OK  [0m] Reached target Sockets.
[[0;32m  OK  [0m] Reached target Basic System.
         Starting Thermal Daemon Service...
[[0;32m  OK  [0m] Started Deferred execution scheduler.
         Starting Accounts Service...
         Starting Apply the settings specified in cloud-config...
         Starting Login Service...
         Starting /etc/rc.local Compatibility...
         Starting LSB: Record successful boot for GRUB...
         Starting LSB: MD monitoring daemon...
         Starting OpenBSD Secure Shell server...
         Starting LXD - container startup/shutdown...
         Starting System Logging Service...
[[0;32m  OK  [0m] Started D-Bus System Message Bus.
[[0;32m  OK  [0m] Started Thermal Daemon Service.
[[0;32m  OK  [0m] Started ACPI event daemon.
[[0;32m  OK  [0m] Started Regular background program processing daemon.
[[0;32m  OK  [0m] Started FUSE filesystem for LXC.
[[0;32m  OK  [0m] Started Snappy daemon.
         Starting Auto import assertions from block devices...
[[0;32m  OK  [0m] Started OpenBSD Secure Shell server.
[[0;32m  OK  [0m] Started System Logging Service.
[[0;32m  OK  [0m] Started iSCSI initiator daemon (iscsid).
[[0;32m  OK  [0m] Started /etc/rc.local Compatibility.
[[0;32m  OK  [0m] Started LXD - container startup/shutdown.
[[0;32m  OK  [0m] Started Auto import assertions from block devices.
[   24.021401] cloud-init[1133]: Cloud-init v. 0.7.8 running 'modules:config' at Thu, 23 Feb 2017 18:02:19 +0000. Up 23.73 seconds.
[[0;32m  OK  [0m] Started LSB: Record successful boot for GRUB.
[[0;32m  OK  [0m] Started LSB: MD monitoring daemon.
[[0;32m  OK  [0m] Started Apply the settings specified in cloud-config.
[[0;32m  OK  [0m] Started Login Service.
         Starting Authenticate and Authorize Users to Run Privileged Tasks...
         Starting Login to default iSCSI targets...
[[0;32m  OK  [0m] Started Authenticate and Authorize Users to Run Privileged Tasks.
[[0;32m  OK  [0m] Started Accounts Service.
[[0;32m  OK  [0m] Started Login to default iSCSI targets.
[[0;32m  OK  [0m] Reached target Remote File Systems (Pre).
[[0;32m  OK  [0m] Reached target Remote File Systems.
         Starting LSB: Set the CPU Frequency Scaling governor to "ondemand"...
         Starting Permit User Sessions...
         Starting LSB: VirtualBox Linux Additions...
         Starting LSB: automatic crash report generation...
         Starting LSB: daemon to balance interrupts for SMP systems...
[[0;32m  OK  [0m] Started Permit User Sessions.
[[0;32m  OK  [0m] Started LSB: Set the CPU Frequency Scaling governor to "ondemand".
         Starting Terminate Plymouth Boot Screen...
         Starting Hold until boot process finishes up...
[[0;32m  OK  [0m] Started LSB: VirtualBox Linux Additions.
[[0;32m  OK  [0m] Started LSB: automatic crash report generation.
[[0;32m  OK  [0m] Started LSB: daemon to balance interrupts for SMP systems.
[[0;32m  OK  [0m] Started Terminate Plymouth Boot Screen.
[[0;32m  OK  [0m] Started Hold until boot process finishes up.
[[0;32m  OK  [0m] Created slice User Slice of ubuntu.
[[0;32m  OK  [0m] Started Session 1 of user ubuntu.
         Starting User Manager for UID 1000...
[[0;32m  OK  [0m] Started Serial Getty on ttyS0.
         Starting Set console scheme...
[[0;32m  OK  [0m] Started Getty on tty1.
[[0;32m  OK  [0m] Reached target Login Prompts.
[[0;32m  OK  [0m] Reached target Multi-User System.
         Starting Execute cloud user/final scripts...
[[0;32m  OK  [0m] Reached target Graphical Interface.
         Starting Update UTMP about System Runlevel Changes...
[[0;32m  OK  [0m] Started User Manager for UID 1000.
[[0;32m  OK  [0m] Started Set console scheme.
[[0;32m  OK  [0m] Started Update UTMP about System Runlevel Changes.
[   25.568787] cloud-init[1320]: Cloud-init v. 0.7.8 running 'modules:final' at Thu, 23 Feb 2017 18:02:21 +0000. Up 25.41 seconds.
[   25.684968] [cloud-init[0;32m  OK  [0m[1320]: ] Cloud-init v. 0.7.8 finished at Thu, 23 Feb 2017 18:02:21 +0000. Datasource DataSourceNoCloud [seed=/dev/sdb][dsmode=net].  Up 25.54 seconds
Started Execute cloud user/final scripts.
[[0;32m  OK  [0m] Reached target Cloud-init target.

Ubuntu 16.04.2 LTS mitre-ectf-vm ttyS0

mitre-ectf-vm login: 